20170625-04:24:44: Session FIX.4.4:02f8e7cb-6a9a-4dff-8ab8-e246b8d18002->BTCC-FIX-SERVER schedule is daily, 00:00:00-UTC - 00:00:00-UTC
20170625-04:24:44: Created session: FIX.4.4:02f8e7cb-6a9a-4dff-8ab8-e246b8d18002->BTCC-FIX-SERVER
20170625-04:24:45: Initiated logon request
20170625-04:24:45: Logon contains ResetSeqNumFlag=Y, resetting sequence numbers to 1
20170625-04:24:45: Received logon
20170625-04:40:00: Session FIX.4.4:02f8e7cb-6a9a-4dff-8ab8-e246b8d18002->BTCC-FIX-SERVER schedule is daily, 00:00:00-UTC - 00:00:00-UTC
20170625-04:40:00: Created session: FIX.4.4:02f8e7cb-6a9a-4dff-8ab8-e246b8d18002->BTCC-FIX-SERVER
20170625-04:40:01: Initiated logon request
20170625-04:40:01: Logon contains ResetSeqNumFlag=Y, resetting sequence numbers to 1
20170625-04:40:01: Received logon
20170625-04:48:45: Session FIX.4.4:02f8e7cb-6a9a-4dff-8ab8-e246b8d18002->BTCC-FIX-SERVER schedule is daily, 00:00:00-UTC - 00:00:00-UTC
20170625-04:48:45: Created session: FIX.4.4:02f8e7cb-6a9a-4dff-8ab8-e246b8d18002->BTCC-FIX-SERVER
20170625-04:48:46: Initiated logon request
20170625-04:48:46: Logon contains ResetSeqNumFlag=Y, resetting sequence numbers to 1
20170625-04:48:46: Received logon
20170625-05:00:05: Session FIX.4.4:02f8e7cb-6a9a-4dff-8ab8-e246b8d18002->BTCC-FIX-SERVER schedule is daily, 00:00:00-UTC - 00:00:00-UTC
20170625-05:00:05: Created session: FIX.4.4:02f8e7cb-6a9a-4dff-8ab8-e246b8d18002->BTCC-FIX-SERVER
20170625-05:00:06: Initiated logon request
20170625-05:00:06: Logon contains ResetSeqNumFlag=Y, resetting sequence numbers to 1
20170625-05:00:06: Received logon
20170625-05:02:30: Session FIX.4.4:02f8e7cb-6a9a-4dff-8ab8-e246b8d18002->BTCC-FIX-SERVER schedule is daily, 00:00:00-UTC - 00:00:00-UTC
20170625-05:02:30: Created session: FIX.4.4:02f8e7cb-6a9a-4dff-8ab8-e246b8d18002->BTCC-FIX-SERVER
20170625-05:02:31: Initiated logon request
20170625-05:02:32: Logon contains ResetSeqNumFlag=Y, resetting sequence numbers to 1
20170625-05:02:32: Received logon
20170625-05:03:37: Session FIX.4.4:02f8e7cb-6a9a-4dff-8ab8-e246b8d18002->BTCC-FIX-SERVER schedule is daily, 00:00:00-UTC - 00:00:00-UTC
20170625-05:03:37: Created session: FIX.4.4:02f8e7cb-6a9a-4dff-8ab8-e246b8d18002->BTCC-FIX-SERVER
20170625-05:03:38: Initiated logon request
20170625-05:03:40: Logon contains ResetSeqNumFlag=Y, resetting sequence numbers to 1
20170625-05:03:40: Received logon
20170625-05:04:29: Session FIX.4.4:02f8e7cb-6a9a-4dff-8ab8-e246b8d18002->BTCC-FIX-SERVER schedule is daily, 00:00:00-UTC - 00:00:00-UTC
20170625-05:04:29: Created session: FIX.4.4:02f8e7cb-6a9a-4dff-8ab8-e246b8d18002->BTCC-FIX-SERVER
20170625-05:04:30: Initiated logon request
20170625-05:04:41: Disconnecting: Timed out waiting for logon response
20170625-05:04:42: Initiated logon request
20170625-05:04:42: Logon contains ResetSeqNumFlag=Y, resetting sequence numbers to 1
20170625-05:04:42: Received logon
20170625-05:07:18: Session FIX.4.4:02f8e7cb-6a9a-4dff-8ab8-e246b8d18002->BTCC-FIX-SERVER schedule is daily, 00:00:00-UTC - 00:00:00-UTC
20170625-05:07:18: Created session: FIX.4.4:02f8e7cb-6a9a-4dff-8ab8-e246b8d18002->BTCC-FIX-SERVER
20170625-05:07:19: Initiated logon request
20170625-05:07:19: Logon contains ResetSeqNumFlag=Y, resetting sequence numbers to 1
20170625-05:07:19: Received logon
20170625-05:08:42: Session FIX.4.4:02f8e7cb-6a9a-4dff-8ab8-e246b8d18002->BTCC-FIX-SERVER schedule is daily, 00:00:00-UTC - 00:00:00-UTC
20170625-05:08:42: Created session: FIX.4.4:02f8e7cb-6a9a-4dff-8ab8-e246b8d18002->BTCC-FIX-SERVER
20170625-05:08:43: Initiated logon request
20170625-05:08:43: Logon contains ResetSeqNumFlag=Y, resetting sequence numbers to 1
20170625-05:08:43: Received logon
20170625-05:09:20: Session FIX.4.4:02f8e7cb-6a9a-4dff-8ab8-e246b8d18002->BTCC-FIX-SERVER schedule is daily, 00:00:00-UTC - 00:00:00-UTC
20170625-05:09:20: Created session: FIX.4.4:02f8e7cb-6a9a-4dff-8ab8-e246b8d18002->BTCC-FIX-SERVER
20170625-05:09:21: Initiated logon request
20170625-05:09:22: Logon contains ResetSeqNumFlag=Y, resetting sequence numbers to 1
20170625-05:09:22: Received logon
